2016/10/14 03:14:37 [error] [php] Undefined index: app (D:\wamp\www\loveling\protected\views\layouts\main.php:8)
Stack trace:
#0 D:\wamp\www\loveling\yii\framework\web\widgets\CContentDecorator.php(76): SiteController->renderFile()
#1 D:\wamp\www\loveling\yii\framework\web\widgets\CContentDecorator.php(54): CContentDecorator->decorate()
#2 D:\wamp\www\loveling\yii\framework\web\widgets\COutputProcessor.php(44): CContentDecorator->processOutput()
#3 D:\wamp\www\loveling\yii\framework\web\CBaseController.php(214): CContentDecorator->run()
#4 D:\wamp\www\loveling\yii\framework\web\CBaseController.php(308): SiteController->endWidget()
#5 D:\wamp\www\loveling\protected\views\layouts\column1.php(151): SiteController->endContent()
#6 D:\wamp\www\loveling\yii\framework\web\CBaseController.php(126): require()
#7 D:\wamp\www\loveling\yii\framework\web\CBaseController.php(95): SiteController->renderInternal()
#8 D:\wamp\www\loveling\yii\framework\web\CController.php(784): SiteController->renderFile()
#9 D:\wamp\www\loveling\protected\controllers\SiteController.php(38): SiteController->render()
#10 D:\wamp\www\loveling\yii\framework\web\actions\CInlineAction.php(49): SiteController->actionIndex()
#11 D:\wamp\www\loveling\yii\framework\web\CController.php(308): CInlineAction->runWithParams()
#12 D:\wamp\www\loveling\yii\framework\web\CController.php(286): SiteController->runAction()
#13 D:\wamp\www\loveling\yii\framework\web\CController.php(265): SiteController->runActionWithFilters()
#14 D:\wamp\www\loveling\yii\framework\web\CWebApplication.php(282): SiteController->run()
#15 D:\wamp\www\loveling\yii\framework\web\CWebApplication.php(141): CWebApplication->runController()
#16 D:\wamp\www\loveling\yii\framework\base\CApplication.php(184): CWebApplication->processRequest()
#17 D:\wamp\www\loveling\httpdocs\index.php(32): CWebApplication->run()
REQUEST_URI=/
in D:\wamp\www\loveling\protected\views\layouts\main.php (8)
in D:\wamp\www\loveling\protected\views\layouts\column1.php (151)
in D:\wamp\www\loveling\protected\controllers\SiteController.php (38)
2016/10/14 03:14:37 [error] [php] Undefined index: app (D:\wamp\www\loveling\protected\views\layouts\main.php:8)
Stack trace:
#0 D:\wamp\www\loveling\yii\framework\web\widgets\CContentDecorator.php(76): SiteController->renderFile()
#1 D:\wamp\www\loveling\yii\framework\web\widgets\CContentDecorator.php(54): CContentDecorator->decorate()
#2 D:\wamp\www\loveling\yii\framework\web\widgets\COutputProcessor.php(44): CContentDecorator->processOutput()
#3 D:\wamp\www\loveling\yii\framework\web\CBaseController.php(214): CContentDecorator->run()
#4 D:\wamp\www\loveling\yii\framework\web\CBaseController.php(308): SiteController->endWidget()
#5 D:\wamp\www\loveling\protected\views\layouts\column1.php(151): SiteController->endContent()
#6 D:\wamp\www\loveling\yii\framework\web\CBaseController.php(126): require()
#7 D:\wamp\www\loveling\yii\framework\web\CBaseController.php(95): SiteController->renderInternal()
#8 D:\wamp\www\loveling\yii\framework\web\CController.php(784): SiteController->renderFile()
#9 D:\wamp\www\loveling\protected\controllers\SiteController.php(38): SiteController->render()
#10 D:\wamp\www\loveling\yii\framework\web\actions\CInlineAction.php(49): SiteController->actionIndex()
#11 D:\wamp\www\loveling\yii\framework\web\CController.php(308): CInlineAction->runWithParams()
#12 D:\wamp\www\loveling\yii\framework\web\CController.php(286): SiteController->runAction()
#13 D:\wamp\www\loveling\yii\framework\web\CController.php(265): SiteController->runActionWithFilters()
#14 D:\wamp\www\loveling\yii\framework\web\CWebApplication.php(282): SiteController->run()
#15 D:\wamp\www\loveling\yii\framework\web\CWebApplication.php(141): CWebApplication->runController()
#16 D:\wamp\www\loveling\yii\framework\base\CApplication.php(184): CWebApplication->processRequest()
#17 D:\wamp\www\loveling\httpdocs\index.php(32): CWebApplication->run()
REQUEST_URI=/otherhtml/zd800-100.jpg
in D:\wamp\www\loveling\protected\views\layouts\main.php (8)
in D:\wamp\www\loveling\protected\views\layouts\column1.php (151)
in D:\wamp\www\loveling\protected\controllers\SiteController.php (38)
2016/10/14 03:15:14 [error] [php] Undefined index: app (D:\wamp\www\loveling\protected\views\layouts\main.php:8)
Stack trace:
#0 D:\wamp\www\loveling\yii\framework\web\widgets\CContentDecorator.php(76): SiteController->renderFile()
#1 D:\wamp\www\loveling\yii\framework\web\widgets\CContentDecorator.php(54): CContentDecorator->decorate()
#2 D:\wamp\www\loveling\yii\framework\web\widgets\COutputProcessor.php(44): CContentDecorator->processOutput()
#3 D:\wamp\www\loveling\yii\framework\web\CBaseController.php(214): CContentDecorator->run()
#4 D:\wamp\www\loveling\yii\framework\web\CBaseController.php(308): SiteController->endWidget()
#5 D:\wamp\www\loveling\protected\views\layouts\column1.php(151): SiteController->endContent()
#6 D:\wamp\www\loveling\yii\framework\web\CBaseController.php(126): require()
#7 D:\wamp\www\loveling\yii\framework\web\CBaseController.php(95): SiteController->renderInternal()
#8 D:\wamp\www\loveling\yii\framework\web\CController.php(784): SiteController->renderFile()
#9 D:\wamp\www\loveling\protected\controllers\SiteController.php(38): SiteController->render()
#10 D:\wamp\www\loveling\yii\framework\web\actions\CInlineAction.php(49): SiteController->actionIndex()
#11 D:\wamp\www\loveling\yii\framework\web\CController.php(308): CInlineAction->runWithParams()
#12 D:\wamp\www\loveling\yii\framework\web\CController.php(286): SiteController->runAction()
#13 D:\wamp\www\loveling\yii\framework\web\CController.php(265): SiteController->runActionWithFilters()
#14 D:\wamp\www\loveling\yii\framework\web\CWebApplication.php(282): SiteController->run()
#15 D:\wamp\www\loveling\yii\framework\web\CWebApplication.php(141): CWebApplication->runController()
#16 D:\wamp\www\loveling\yii\framework\base\CApplication.php(184): CWebApplication->processRequest()
#17 D:\wamp\www\loveling\httpdocs\index.php(32): CWebApplication->run()
REQUEST_URI=/
in D:\wamp\www\loveling\protected\views\layouts\main.php (8)
in D:\wamp\www\loveling\protected\views\layouts\column1.php (151)
in D:\wamp\www\loveling\protected\controllers\SiteController.php (38)
2016/10/14 03:15:14 [error] [php] Undefined index: app (D:\wamp\www\loveling\protected\views\layouts\main.php:8)
Stack trace:
#0 D:\wamp\www\loveling\yii\framework\web\widgets\CContentDecorator.php(76): SiteController->renderFile()
#1 D:\wamp\www\loveling\yii\framework\web\widgets\CContentDecorator.php(54): CContentDecorator->decorate()
#2 D:\wamp\www\loveling\yii\framework\web\widgets\COutputProcessor.php(44): CContentDecorator->processOutput()
#3 D:\wamp\www\loveling\yii\framework\web\CBaseController.php(214): CContentDecorator->run()
#4 D:\wamp\www\loveling\yii\framework\web\CBaseController.php(308): SiteController->endWidget()
#5 D:\wamp\www\loveling\protected\views\layouts\column1.php(151): SiteController->endContent()
#6 D:\wamp\www\loveling\yii\framework\web\CBaseController.php(126): require()
#7 D:\wamp\www\loveling\yii\framework\web\CBaseController.php(95): SiteController->renderInternal()
#8 D:\wamp\www\loveling\yii\framework\web\CController.php(784): SiteController->renderFile()
#9 D:\wamp\www\loveling\protected\controllers\SiteController.php(38): SiteController->render()
#10 D:\wamp\www\loveling\yii\framework\web\actions\CInlineAction.php(49): SiteController->actionIndex()
#11 D:\wamp\www\loveling\yii\framework\web\CController.php(308): CInlineAction->runWithParams()
#12 D:\wamp\www\loveling\yii\framework\web\CController.php(286): SiteController->runAction()
#13 D:\wamp\www\loveling\yii\framework\web\CController.php(265): SiteController->runActionWithFilters()
#14 D:\wamp\www\loveling\yii\framework\web\CWebApplication.php(282): SiteController->run()
#15 D:\wamp\www\loveling\yii\framework\web\CWebApplication.php(141): CWebApplication->runController()
#16 D:\wamp\www\loveling\yii\framework\base\CApplication.php(184): CWebApplication->processRequest()
#17 D:\wamp\www\loveling\httpdocs\index.php(32): CWebApplication->run()
REQUEST_URI=/otherhtml/zd800-100.jpg
in D:\wamp\www\loveling\protected\views\layouts\main.php (8)
in D:\wamp\www\loveling\protected\views\layouts\column1.php (151)
in D:\wamp\www\loveling\protected\controllers\SiteController.php (38)
2016/10/14 03:15:14 [error] [php] Undefined index: app (D:\wamp\www\loveling\protected\views\layouts\main.php:8)
Stack trace:
#0 D:\wamp\www\loveling\yii\framework\web\widgets\CContentDecorator.php(76): SiteController->renderFile()
#1 D:\wamp\www\loveling\yii\framework\web\widgets\CContentDecorator.php(54): CContentDecorator->decorate()
#2 D:\wamp\www\loveling\yii\framework\web\widgets\COutputProcessor.php(44): CContentDecorator->processOutput()
#3 D:\wamp\www\loveling\yii\framework\web\CBaseController.php(214): CContentDecorator->run()
#4 D:\wamp\www\loveling\yii\framework\web\CBaseController.php(308): SiteController->endWidget()
#5 D:\wamp\www\loveling\protected\views\layouts\column1.php(151): SiteController->endContent()
#6 D:\wamp\www\loveling\yii\framework\web\CBaseController.php(126): require()
#7 D:\wamp\www\loveling\yii\framework\web\CBaseController.php(95): SiteController->renderInternal()
#8 D:\wamp\www\loveling\yii\framework\web\CController.php(784): SiteController->renderFile()
#9 D:\wamp\www\loveling\protected\controllers\SiteController.php(38): SiteController->render()
#10 D:\wamp\www\loveling\yii\framework\web\actions\CInlineAction.php(49): SiteController->actionIndex()
#11 D:\wamp\www\loveling\yii\framework\web\CController.php(308): CInlineAction->runWithParams()
#12 D:\wamp\www\loveling\yii\framework\web\CController.php(286): SiteController->runAction()
#13 D:\wamp\www\loveling\yii\framework\web\CController.php(265): SiteController->runActionWithFilters()
#14 D:\wamp\www\loveling\yii\framework\web\CWebApplication.php(282): SiteController->run()
#15 D:\wamp\www\loveling\yii\framework\web\CWebApplication.php(141): CWebApplication->runController()
#16 D:\wamp\www\loveling\yii\framework\base\CApplication.php(184): CWebApplication->processRequest()
#17 D:\wamp\www\loveling\httpdocs\index.php(32): CWebApplication->run()
REQUEST_URI=/
in D:\wamp\www\loveling\protected\views\layouts\main.php (8)
in D:\wamp\www\loveling\protected\views\layouts\column1.php (151)
in D:\wamp\www\loveling\protected\controllers\SiteController.php (38)
2016/10/14 03:15:14 [error] [php] Undefined index: app (D:\wamp\www\loveling\protected\views\layouts\main.php:8)
Stack trace:
#0 D:\wamp\www\loveling\yii\framework\web\widgets\CContentDecorator.php(76): SiteController->renderFile()
#1 D:\wamp\www\loveling\yii\framework\web\widgets\CContentDecorator.php(54): CContentDecorator->decorate()
#2 D:\wamp\www\loveling\yii\framework\web\widgets\COutputProcessor.php(44): CContentDecorator->processOutput()
#3 D:\wamp\www\loveling\yii\framework\web\CBaseController.php(214): CContentDecorator->run()
#4 D:\wamp\www\loveling\yii\framework\web\CBaseController.php(308): SiteController->endWidget()
#5 D:\wamp\www\loveling\protected\views\layouts\column1.php(151): SiteController->endContent()
#6 D:\wamp\www\loveling\yii\framework\web\CBaseController.php(126): require()
#7 D:\wamp\www\loveling\yii\framework\web\CBaseController.php(95): SiteController->renderInternal()
#8 D:\wamp\www\loveling\yii\framework\web\CController.php(784): SiteController->renderFile()
#9 D:\wamp\www\loveling\protected\controllers\SiteController.php(38): SiteController->render()
#10 D:\wamp\www\loveling\yii\framework\web\actions\CInlineAction.php(49): SiteController->actionIndex()
#11 D:\wamp\www\loveling\yii\framework\web\CController.php(308): CInlineAction->runWithParams()
#12 D:\wamp\www\loveling\yii\framework\web\CController.php(286): SiteController->runAction()
#13 D:\wamp\www\loveling\yii\framework\web\CController.php(265): SiteController->runActionWithFilters()
#14 D:\wamp\www\loveling\yii\framework\web\CWebApplication.php(282): SiteController->run()
#15 D:\wamp\www\loveling\yii\framework\web\CWebApplication.php(141): CWebApplication->runController()
#16 D:\wamp\www\loveling\yii\framework\base\CApplication.php(184): CWebApplication->processRequest()
#17 D:\wamp\www\loveling\httpdocs\index.php(32): CWebApplication->run()
REQUEST_URI=/otherhtml/zd800-100.jpg
in D:\wamp\www\loveling\protected\views\layouts\main.php (8)
in D:\wamp\www\loveling\protected\views\layouts\column1.php (151)
in D:\wamp\www\loveling\protected\controllers\SiteController.php (38)
